d:\github\school\p2.2\algoritmiek\algoritmiek\algoritmiek\debug\vc141.pdb
d:\github\school\p2.2\algoritmiek\algoritmiek\algoritmiek\debug\vc141.idb
d:\github\school\p2.2\algoritmiek\algoritmiek\algoritmiek\debug\4_mc.obj
d:\github\school\p2.2\algoritmiek\algoritmiek\algoritmiek\debug\4.obj
d:\github\school\p2.2\algoritmiek\algoritmiek\algoritmiek\debug\peggame.obj
d:\github\school\p2.2\algoritmiek\algoritmiek\algoritmiek\debug\8puzzle.obj
d:\github\school\p2.2\algoritmiek\algoritmiek\algoritmiek\debug\3.obj
d:\github\school\p2.2\algoritmiek\algoritmiek\algoritmiek\debug\2.obj
d:\github\school\p2.2\algoritmiek\algoritmiek\algoritmiek\debug\1.obj
d:\github\school\p2.2\algoritmiek\algoritmiek\algoritmiek\debug\5.obj
d:\github\school\p2.2\algoritmiek\algoritmiek\algoritmiek\debug\ttt.obj
d:\github\school\p2.2\algoritmiek\algoritmiek\algoritmiek\debug\5_ab.obj
d:\github\school\p2.2\algoritmiek\algoritmiek\debug\algoritmiek.ilk
d:\github\school\p2.2\algoritmiek\algoritmiek\debug\algoritmiek.exe
d:\github\school\p2.2\algoritmiek\algoritmiek\debug\algoritmiek.pdb
d:\github\school\p2.2\algoritmiek\algoritmiek\algoritmiek\debug\3.obj.enc
d:\github\school\p2.2\algoritmiek\algoritmiek\algoritmiek\debug\algoritmiek.tlog\cl.command.1.tlog
d:\github\school\p2.2\algoritmiek\algoritmiek\algoritmiek\debug\algoritmiek.tlog\cl.read.1.tlog
d:\github\school\p2.2\algoritmiek\algoritmiek\algoritmiek\debug\algoritmiek.tlog\cl.write.1.tlog
d:\github\school\p2.2\algoritmiek\algoritmiek\algoritmiek\debug\algoritmiek.tlog\link-cvtres.read.1.tlog
d:\github\school\p2.2\algoritmiek\algoritmiek\algoritmiek\debug\algoritmiek.tlog\link-cvtres.write.1.tlog
d:\github\school\p2.2\algoritmiek\algoritmiek\algoritmiek\debug\algoritmiek.tlog\link-rc.read.1.tlog
d:\github\school\p2.2\algoritmiek\algoritmiek\algoritmiek\debug\algoritmiek.tlog\link-rc.write.1.tlog
d:\github\school\p2.2\algoritmiek\algoritmiek\algoritmiek\debug\algoritmiek.tlog\link.28676-cvtres.read.1.tlog
d:\github\school\p2.2\algoritmiek\algoritmiek\algoritmiek\debug\algoritmiek.tlog\link.28676-cvtres.write.1.tlog
d:\github\school\p2.2\algoritmiek\algoritmiek\algoritmiek\debug\algoritmiek.tlog\link.28676-rc.read.1.tlog
d:\github\school\p2.2\algoritmiek\algoritmiek\algoritmiek\debug\algoritmiek.tlog\link.28676-rc.write.1.tlog
d:\github\school\p2.2\algoritmiek\algoritmiek\algoritmiek\debug\algoritmiek.tlog\link.28676.read.1.tlog
d:\github\school\p2.2\algoritmiek\algoritmiek\algoritmiek\debug\algoritmiek.tlog\link.28676.write.1.tlog
d:\github\school\p2.2\algoritmiek\algoritmiek\algoritmiek\debug\algoritmiek.tlog\link.command.1.tlog
d:\github\school\p2.2\algoritmiek\algoritmiek\algoritmiek\debug\algoritmiek.tlog\link.read.1.tlog
d:\github\school\p2.2\algoritmiek\algoritmiek\algoritmiek\debug\algoritmiek.tlog\link.write.1.tlog
